<?xml version="1.0" encoding="UTF-8"?>
<testsuite xmlns:xsi="http://www.w3.org/2001/XMLSchema-instance" xsi:noNamespaceSchemaLocation="https://maven.apache.org/surefire/maven-surefire-plugin/xsd/surefire-test-report-3.0.xsd" version="3.0" name="PolynomialApplicationTests" time="0.108" tests="6" errors="0" skipped="0" failures="0">
  <properties>
[...]
</properties>
  <testcase name="operationUsage" classname="PolynomialApplicationTests" time="0.039">
    <system-out><![CDATA[
]]></system-out>
  </testcase>
  <testcase name="gettingPolynomial" classname="PolynomialApplicationTests" time="0.004"/>
  <testcase name="testValueMono" classname="PolynomialApplicationTests" time="0.002"/>
  <testcase name="testMonomial" classname="PolynomialApplicationTests" time="0.011"/>
  <testcase name="testPowerMono" classname="PolynomialApplicationTests" time="0.002"/>
  <testcase name="setMono" classname="PolynomialApplicationTests" time="0.002"/>
</testsuite>